#
# An unexpected error has been detected by Java Runtime Environment:
#
#  EXCEPTION_ACCESS_VIOLATION (0xc0000005) at pc=0x6d8dc347, pid=1348, tid=4000
#
# Java VM: Java HotSpot(TM) Client VM (1.6.0_03-b05 mixed mode)
# Problematic frame:
# V  [jvm.dll+0x11c347]
#
# If you would like to submit a bug report, please visit:
#   http://java.sun.com/webapps/bugreport/crash.jsp
#

---------------  T H R E A D  ---------------

Current thread (0x023a3400):  VMThread [id=4000]

siginfo: ExceptionCode=0xc0000005, reading address 0x00000000

Registers:
EAX=0x00000000, EBX=0x084e39e0, ECX=0x0241c3e0, EDX=0x023a3a68
ESP=0x0c52fbbc, EBP=0x023a3e4c, ESI=0x023a2600, EDI=0x023a3658
EIP=0x6d8dc347, EFLAGS=0x00010202

Top of Stack: (sp=0x0c52fbbc)
0x0c52fbbc:   0ca0fb94 023d72c8 0ce815c8 023d72b0
0x0c52fbcc:   0c52ff44 084e4028 084e39e0 0ca0fb94
0x0c52fbdc:   023a2600 023a3658 023a3660 023a3a4c
0x0c52fbec:   0000000c 00000000 6d90a636 0000000c
0x0c52fbfc:   0ce81598 00000001 023a3400 02399a10
0x0c52fc0c:   023a3a58 023a3a64 023a3e4c 0c52fcd0
0x0c52fc1c:   0241c3e0 6d8dcc07 6d8ff800 023a2600
0x0c52fc2c:   023a3660 0ca0fb4c 023a3658 6d8dcc3f 

Instructions: (pc=0x6d8dc347)
0x6d8dc337:   e8 44 02 f9 ff 85 c0 0f 84 3f 01 00 00 8b 40 04
0x6d8dc347:   8b 08 49 0f 88 1e 01 00 00 8b 40 0c 8d 14 88 8b 


Stack: [0x0c4e0000,0x0c530000),  sp=0x0c52fbbc,  free space=318k
Native frames: (J=compiled Java code, j=interpreted, Vv=VM code, C=native code)
V  [jvm.dll+0x11c347]

VM_Operation (0x0ca0fb4c): change breakpoints, mode: safepoint, requested by thread 0x023d0000


---------------  P R O C E S S  ---------------

Java Threads: ( => current thread )
  0x023e4c00 JavaThread "Low Memory Detector" daemon [_thread_blocked, id=3428]
  0x023e4400 JavaThread "CompilerThread0" daemon [_thread_blocked, id=544]
  0x023e2800 JavaThread "JDWP Command Reader" daemon [_thread_in_native, id=3060]
  0x023d8000 JavaThread "JDWP Event Helper Thread" daemon [_thread_blocked, id=2044]
  0x023d0000 JavaThread "JDWP Transport Listener: dt_socket" daemon [_thread_blocked, id=3564]
  0x023c7400 JavaThread "Attach Listener" daemon [_thread_blocked, id=2424]
  0x023c7000 JavaThread "Signal Dispatcher" daemon [_thread_blocked, id=3660]
  0x023b1800 JavaThread "Finalizer" daemon [_thread_blocked, id=260]
  0x023a8c00 JavaThread "Reference Handler" daemon [_thread_blocked, id=3868]
  0x02331c00 JavaThread "main" [_thread_in_native, id=3336]

Other Threads:
=>0x023a3400 VMThread [id=4000]
  0x023e6000 WatcherThread [id=3028]

VM state:at safepoint (normal execution)

VM Mutex/Monitor currently owned by a thread:  ([mutex/lock_event])
[0x02331580/0x00000104] Threads_lock - owner thread: 0x023a3400

Heap
 def new generation   total 960K, used 584K [0x044e0000, 0x045e0000, 0x049c0000)
  eden space 896K,  65% used [0x044e0000, 0x04572350, 0x045c0000)
  from space 64K,   0% used [0x045c0000, 0x045c0000, 0x045d0000)
  to   space 64K,   0% used [0x045d0000, 0x045d0000, 0x045e0000)
 tenured generation   total 4096K, used 0K [0x049c0000, 0x04dc0000, 0x084e0000)
   the space 4096K,   0% used [0x049c0000, 0x049c0000, 0x049c0200, 0x04dc0000)
 compacting perm gen  total 12288K, used 2464K [0x084e0000, 0x090e0000, 0x0c4e0000)
   the space 12288K,  20% used [0x084e0000, 0x087480a8, 0x08748200, 0x090e0000)
No shared spaces configured.

Dynamic libraries:
0x00400000 - 0x00423000 	C:\eclipseUnit4\eclipseIDE\jre\bin\javaw.exe
0x77520000 - 0x776a0000 	C:\Windows\SysWOW64\ntdll.dll
0x75470000 - 0x75580000 	C:\Windows\syswow64\kernel32.dll
0x760e0000 - 0x76127000 	C:\Windows\syswow64\KERNELBASE.dll
0x750d0000 - 0x75170000 	C:\Windows\syswow64\ADVAPI32.dll
0x75c20000 - 0x75ccc000 	C:\Windows\syswow64\msvcrt.dll
0x75f60000 - 0x75f79000 	C:\Windows\SysWOW64\sechost.dll
0x74f20000 - 0x75010000 	C:\Windows\syswow64\RPCRT4.dll
0x74ec0000 - 0x74f20000 	C:\Windows\syswow64\SspiCli.dll
0x74eb0000 - 0x74ebc000 	C:\Windows\syswow64\CRYPTBASE.dll
0x75cd0000 - 0x75dd0000 	C:\Windows\syswow64\USER32.dll
0x753d0000 - 0x75460000 	C:\Windows\syswow64\GDI32.dll
0x774f0000 - 0x774fa000 	C:\Windows\syswow64\LPK.dll
0x762d0000 - 0x7636d000 	C:\Windows\syswow64\USP10.dll
0x75ec0000 - 0x75f20000 	C:\Windows\system32\IMM32.DLL
0x75b50000 - 0x75c1c000 	C:\Windows\syswow64\MSCTF.dll
0x7c340000 - 0x7c396000 	C:\eclipseUnit4\eclipseIDE\jre\bin\msvcr71.dll
0x6d7c0000 - 0x6da0a000 	C:\eclipseUnit4\eclipseIDE\jre\bin\client\jvm.dll
0x746e0000 - 0x74712000 	C:\Windows\system32\WINMM.dll
0x74720000 - 0x7476c000 	C:\Windows\system32\apphelp.dll
0x6d310000 - 0x6d318000 	C:\eclipseUnit4\eclipseIDE\jre\bin\hpi.dll
0x75350000 - 0x75355000 	C:\Windows\syswow64\PSAPI.DLL
0x6d400000 - 0x6d429000 	C:\eclipseUnit4\eclipseIDE\jre\bin\jdwp.dll
0x6d6c0000 - 0x6d6c6000 	C:\eclipseUnit4\eclipseIDE\jre\bin\npt.dll
0x6d770000 - 0x6d77c000 	C:\eclipseUnit4\eclipseIDE\jre\bin\verify.dll
0x6d3b0000 - 0x6d3cf000 	C:\eclipseUnit4\eclipseIDE\jre\bin\java.dll
0x6d7b0000 - 0x6d7bf000 	C:\eclipseUnit4\eclipseIDE\jre\bin\zip.dll
0x6d280000 - 0x6d287000 	C:\eclipseUnit4\eclipseIDE\jre\bin\dt_socket.dll
0x75f20000 - 0x75f55000 	C:\Windows\syswow64\WS2_32.dll
0x75010000 - 0x75016000 	C:\Windows\syswow64\NSI.dll
0x72c60000 - 0x72c70000 	C:\Windows\system32\NLAapi.dll
0x72c40000 - 0x72c50000 	C:\Windows\system32\napinsp.dll
0x71500000 - 0x71512000 	C:\Windows\system32\pnrpnsp.dll
0x74520000 - 0x7455c000 	C:\Windows\System32\mswsock.dll
0x714b0000 - 0x714f4000 	C:\Windows\system32\DNSAPI.dll
0x714a0000 - 0x714a8000 	C:\Windows\System32\winrnr.dll
0x71470000 - 0x71497000 	C:\Program Files (x86)\Common Files\Microsoft Shared\Windows Live\WLIDNSP.DLL
0x75580000 - 0x755d7000 	C:\Windows\syswow64\SHLWAPI.dll
0x748f0000 - 0x7490c000 	C:\Windows\system32\IPHLPAPI.DLL
0x748e0000 - 0x748e7000 	C:\Windows\system32\WINNSI.DLL
0x71410000 - 0x71448000 	C:\Windows\System32\fwpuclnt.dll
0x71450000 - 0x71456000 	C:\Windows\system32\rasadhlp.dll
0x71460000 - 0x71465000 	C:\Windows\System32\wshtcpip.dll

VM Arguments:
jvm_args: -agentlib:jdwp=transport=dt_socket,suspend=y,address=localhost:49226
java_command: mainActivity
Launcher Type: SUN_STANDARD

Environment Variables:
PATH=C:\Program Files\Common Files\Microsoft Shared\Windows Live;C:\Program Files (x86)\Common Files\Microsoft Shared\Windows Live;C:\Windows\system32;C:\Windows;C:\Windows\System32\Wbem;C:\Windows\System32\WindowsPowerShell\v1.0\;C:\Program Files (x86)\Intel\OpenCL SDK\2.0\bin\x86;C:\Program Files (x86)\Intel\OpenCL SDK\2.0\bin\x64;C:\Program Files (x86)\Windows Live\Shared
USERNAME=212825715
OS=Windows_NT
PROCESSOR_IDENTIFIER=Intel64 Family 6 Model 42 Stepping 7, GenuineIntel



---------------  S Y S T E M  ---------------

OS: Windows NT 6.1 Build 7601 Service Pack 1

CPU:total 2 (8 cores per cpu, 2 threads per core) family 6 model 10 stepping 7, cmov, cx8, fxsr, mmx, sse, sse2, sse3, ssse3, ht

Memory: 4k page, physical 1956256k(987080k free), swap 3912512k(2659128k free)

vm_info: Java HotSpot(TM) Client VM (1.6.0_03-b05) for windows-x86, built on Sep 24 2007 22:24:33 by "java_re" with unknown MS VC++:1310

